0 info it worked if it ends with ok
1 verbose cli [ '/Users/andre.harris/.nvm/versions/node/v6.2.2/bin/node',
1 verbose cli   '/Users/andre.harris/.nvm/versions/node/v6.2.2/bin/npm',
1 verbose cli   'version',
1 verbose cli   'minor' ]
2 info using npm@3.9.5
3 info using node@v6.2.2
4 info git [ 'status', '--porcelain' ]
5 verbose stack Error: Git working directory not clean.
5 verbose stack M builder/build_data.json
5 verbose stack M builder/manifest.json
5 verbose stack M cheatsheet.html
5 verbose stack M css/ionicons.css
5 verbose stack M css/ionicons.css.map
5 verbose stack M css/ionicons.min.css
5 verbose stack M css/ionicons.min.css.map
5 verbose stack M fonts/ionicons.eot
5 verbose stack M fonts/ionicons.svg
5 verbose stack M fonts/ionicons.ttf
5 verbose stack M fonts/ionicons.woff
5 verbose stack M less/_ionicons-icons.less
5 verbose stack M less/_ionicons-variables.less
5 verbose stack M scss/_ionicons-icons.scss
5 verbose stack M scss/_ionicons-variables.scss
5 verbose stack     at /Users/andre.harris/.nvm/versions/node/v6.2.2/lib/node_modules/npm/lib/version.js:246:19
5 verbose stack     at ChildProcess.exithandler (child_process.js:198:7)
5 verbose stack     at emitTwo (events.js:106:13)
5 verbose stack     at ChildProcess.emit (events.js:191:7)
5 verbose stack     at maybeClose (internal/child_process.js:852:16)
5 verbose stack     at Socket.<anonymous> (internal/child_process.js:323:11)
5 verbose stack     at emitOne (events.js:96:13)
5 verbose stack     at Socket.emit (events.js:188:7)
5 verbose stack     at Pipe._handle.close [as _onclose] (net.js:492:12)
6 verbose cwd /Users/andre.harris/work/ionicons
7 error Darwin 15.6.0
8 error argv "/Users/andre.harris/.nvm/versions/node/v6.2.2/bin/node" "/Users/andre.harris/.nvm/versions/node/v6.2.2/bin/npm" "version" "minor"
9 error node v6.2.2
10 error npm  v3.9.5
11 error Git working directory not clean.
11 error M builder/build_data.json
11 error M builder/manifest.json
11 error M cheatsheet.html
11 error M css/ionicons.css
11 error M css/ionicons.css.map
11 error M css/ionicons.min.css
11 error M css/ionicons.min.css.map
11 error M fonts/ionicons.eot
11 error M fonts/ionicons.svg
11 error M fonts/ionicons.ttf
11 error M fonts/ionicons.woff
11 error M less/_ionicons-icons.less
11 error M less/_ionicons-variables.less
11 error M scss/_ionicons-icons.scss
11 error M scss/_ionicons-variables.scss
12 error If you need help, you may report this error at:
12 error     <https://github.com/npm/npm/issues>
13 verbose exit [ 1, true ]
